2025-03-16 08:13:07 [152.59.36.181][-][-][error][application] Could not migrate tables to utf8mb4: Undefined array key "table_name"
    in /var/www/html/hmhub/protected/humhub/migrations/m181029_160453_collation.php:34
    in /var/www/html/hmhub/protected/humhub/services/MigrationService.php:207
    in /var/www/html/hmhub/protected/humhub/services/MigrationService.php:164
2025-03-16 08:12:58 [152.59.36.181][-][-][info][application] $_GET = [
    'r' => 'installer/setup/migrate'
]

$_SERVER = [
    'HTTP_HOST' => '128.199.18.39'
    'HTTP_USER_AGENT' => 'Mozilla/5.0 (Macintosh; Intel Mac OS X 10.15; rv:136.0) Gecko/20100101 Firefox/136.0'
    'HTTP_ACCEPT' => 'text/html,application/xhtml+xml,application/xml;q=0.9,*/*;q=0.8'
    'HTTP_ACCEPT_LANGUAGE' => 'en-US,en;q=0.5'
    'HTTP_ACCEPT_ENCODING' => 'gzip, deflate'
    'HTTP_REFERER' => 'http://128.199.18.39/index.php?r=installer%2Fsetup%2Fdatabase'
    'HTTP_DNT' => '1'
    'HTTP_SEC_GPC' => '1'
    'HTTP_CONNECTION' => 'keep-alive'
    'HTTP_COOKIE' => '_csrf=a9f317db6d18bb3ec18b315bb8f63f69175a5b92ffac64dd416a75a44cc86b13a%3A2%3A%7Bi%3A0%3Bs%3A5%3A%22_csrf%22%3Bi%3A1%3Bs%3A32%3A%22DkNuWvHmMmTZqaKas6wi4XO_NLnW2rbl%22%3B%7D'
    'HTTP_UPGRADE_INSECURE_REQUESTS' => '1'
    'HTTP_PRIORITY' => 'u=0, i'
    'PATH' => '/usr/local/sbin:/usr/local/bin:/usr/sbin:/usr/bin:/sbin:/bin:/snap/bin'
    'SERVER_SIGNATURE' => ''
    'SERVER_SOFTWARE' => 'Apache'
    'SERVER_NAME' => '128.199.18.39'
    'SERVER_ADDR' => '128.199.18.39'
    'SERVER_PORT' => '80'
    'REMOTE_ADDR' => '152.59.36.181'
    'DOCUMENT_ROOT' => '/var/www/html/hmhub'
    'REQUEST_SCHEME' => 'http'
    'CONTEXT_PREFIX' => ''
    'CONTEXT_DOCUMENT_ROOT' => '/var/www/html/hmhub'
    'SERVER_ADMIN' => '[no address given]'
    'SCRIPT_FILENAME' => '/var/www/html/hmhub/index.php'
    'REMOTE_PORT' => '62346'
    'GATEWAY_INTERFACE' => 'CGI/1.1'
    'SERVER_PROTOCOL' => 'HTTP/1.1'
    'REQUEST_METHOD' => 'GET'
    'QUERY_STRING' => 'r=installer%2Fsetup%2Fmigrate'
    'REQUEST_URI' => '/index.php?r=installer%2Fsetup%2Fmigrate'
    'SCRIPT_NAME' => '/index.php'
    'PHP_SELF' => '/index.php'
    'REQUEST_TIME_FLOAT' => 1742112778.6561
    'REQUEST_TIME' => 1742112778
]
